<?xml version="1.0" encoding="UTF-8"?>
<testsuite name="cz.orbit.cicddemo.BgDemoUnitTest" tests="1" skipped="0" failures="0" errors="0" timestamp="2023-04-11T18:33:58" hostname="developer-VirtualBox" time="0.17">
  <properties/>
  <testcase name="getHello" classname="cz.orbit.cicddemo.BgDemoUnitTest" time="0.17"/>
  <system-out><![CDATA[20:33:56.078 [Test worker] DEBUG org.springframework.test.context.junit4.SpringJUnit4ClassRunner - SpringJUnit4ClassRunner constructor called with [class cz.orbit.cicddemo.BgDemoUnitTest]
20:33:56.083 [Test worker] DEBUG org.springframework.test.context.BootstrapUtils - Instantiating CacheAwareContextLoaderDelegate from class [org.springframework.test.context.cache.DefaultCacheAwareContextLoaderDelegate]
20:33:56.088 [Test worker] DEBUG org.springframework.test.context.BootstrapUtils - Instantiating BootstrapContext using constructor [public org.springframework.test.context.support.DefaultBootstrapContext(java.lang.Class,org.springframework.test.context.CacheAwareContextLoaderDelegate)]
20:33:56.099 [Test worker] DEBUG org.springframework.test.context.BootstrapUtils - Instantiating TestContextBootstrapper for test class [cz.orbit.cicddemo.BgDemoUnitTest] from class [org.springframework.boot.test.context.SpringBootTestContextBootstrapper]
20:33:56.106 [Test worker] INFO org.springframework.boot.test.context.SpringBootTestContextBootstrapper - Neither @ContextConfiguration nor @ContextHierarchy found for test class [cz.orbit.cicddemo.BgDemoUnitTest], using SpringBootContextLoader
20:33:56.109 [Test worker] DEBUG org.springframework.test.context.support.AbstractContextLoader - Did not detect default resource location for test class [cz.orbit.cicddemo.BgDemoUnitTest]: class path resource [cz/orbit/cicddemo/BgDemoUnitTest-context.xml] does not exist
20:33:56.110 [Test worker] DEBUG org.springframework.test.context.support.AbstractContextLoader - Did not detect default resource location for test class [cz.orbit.cicddemo.BgDemoUnitTest]: class path resource [cz/orbit/cicddemo/BgDemoUnitTestContext.groovy] does not exist
20:33:56.110 [Test worker] INFO org.springframework.test.context.support.AbstractContextLoader - Could not detect default resource locations for test class [cz.orbit.cicddemo.BgDemoUnitTest]: no resource found for suffixes {-context.xml, Context.groovy}.
20:33:56.111 [Test worker] INFO org.springframework.test.context.support.AnnotationConfigContextLoaderUtils - Could not detect default configuration classes for test class [cz.orbit.cicddemo.BgDemoUnitTest]: BgDemoUnitTest does not declare any static, non-private, non-final, nested classes annotated with @Configuration.
20:33:56.163 [Test worker] DEBUG org.springframework.test.context.support.ActiveProfilesUtils - Could not find an 'annotation declaring class' for annotation type [org.springframework.test.context.ActiveProfiles] and class [cz.orbit.cicddemo.BgDemoUnitTest]
20:33:56.228 [Test worker] DEBUG org.springframework.context.annotation.ClassPathScanningCandidateComponentProvider - Identified candidate component class: file [/home/developer/orbit/aws-webinar-demo-gitops/java/build/classes/java/main/cz/orbit/cicddemo/DemoApplication.class]
20:33:56.231 [Test worker] INFO org.springframework.boot.test.context.SpringBootTestContextBootstrapper - Found @SpringBootConfiguration cz.orbit.cicddemo.DemoApplication for test class cz.orbit.cicddemo.BgDemoUnitTest
20:33:56.310 [Test worker] DEBUG org.springframework.boot.test.context.SpringBootTestContextBootstrapper - @TestExecutionListeners is not present for class [cz.orbit.cicddemo.BgDemoUnitTest]: using defaults.
20:33:56.311 [Test worker] INFO org.springframework.boot.test.context.SpringBootTestContextBootstrapper - Loaded default TestExecutionListener class names from location [META-INF/spring.factories]: [org.springframework.boot.test.autoconfigure.restdocs.RestDocsTestExecutionListener, org.springframework.boot.test.autoconfigure.web.client.MockRestServiceServerResetTestExecutionListener, org.springframework.boot.test.autoconfigure.web.servlet.MockMvcPrintOnlyOnFailureTestExecutionListener, org.springframework.boot.test.autoconfigure.web.servlet.WebDriverTestExecutionListener, org.springframework.boot.test.mock.mockito.MockitoTestExecutionListener, org.springframework.boot.test.mock.mockito.ResetMocksTestExecutionListener, org.springframework.test.context.web.ServletTestExecutionListener, org.springframework.test.context.support.DirtiesContextBeforeModesTestExecutionListener, org.springframework.test.context.support.DependencyInjectionTestExecutionListener, org.springframework.test.context.support.DirtiesContextTestExecutionListener, org.springframework.test.context.transaction.TransactionalTestExecutionListener, org.springframework.test.context.jdbc.SqlScriptsTestExecutionListener]
20:33:56.332 [Test worker] DEBUG org.springframework.boot.test.context.SpringBootTestContextBootstrapper - Skipping candidate TestExecutionListener [org.springframework.test.context.transaction.TransactionalTestExecutionListener] due to a missing dependency. Specify custom listener classes or make the default listener classes and their required dependencies available. Offending class: [org/springframework/transaction/interceptor/TransactionAttributeSource]
20:33:56.334 [Test worker] DEBUG org.springframework.boot.test.context.SpringBootTestContextBootstrapper - Skipping candidate TestExecutionListener [org.springframework.test.context.jdbc.SqlScriptsTestExecutionListener] due to a missing dependency. Specify custom listener classes or make the default listener classes and their required dependencies available. Offending class: [org/springframework/transaction/interceptor/TransactionAttribute]
20:33:56.334 [Test worker] INFO org.springframework.boot.test.context.SpringBootTestContextBootstrapper - Using TestExecutionListeners: [org.springframework.test.context.web.ServletTestExecutionListener@6cfcd46d, org.springframework.test.context.support.DirtiesContextBeforeModesTestExecutionListener@52045dbe, org.springframework.boot.test.mock.mockito.MockitoTestExecutionListener@674658f7, org.springframework.boot.test.autoconfigure.SpringBootDependencyInjectionTestExecutionListener@5c8eee0f, org.springframework.test.context.support.DirtiesContextTestExecutionListener@565b064f, org.springframework.boot.test.autoconfigure.restdocs.RestDocsTestExecutionListener@26425897, org.springframework.boot.test.autoconfigure.web.client.MockRestServiceServerResetTestExecutionListener@73163d48, org.springframework.boot.test.autoconfigure.web.servlet.MockMvcPrintOnlyOnFailureTestExecutionListener@58c34bb3, org.springframework.boot.test.autoconfigure.web.servlet.WebDriverTestExecutionListener@56a4479a, org.springframework.boot.test.mock.mockito.ResetMocksTestExecutionListener@62163b39]
20:33:56.336 [Test worker] DEBUG org.springframework.test.annotation.ProfileValueUtils - Retrieved @ProfileValueSourceConfiguration [null] for test class [cz.orbit.cicddemo.BgDemoUnitTest]
20:33:56.336 [Test worker] DEBUG org.springframework.test.annotation.ProfileValueUtils - Retrieved ProfileValueSource type [class org.springframework.test.annotation.SystemProfileValueSource] for class [cz.orbit.cicddemo.BgDemoUnitTest]
20:33:56.338 [Test worker] DEBUG org.springframework.test.annotation.ProfileValueUtils - Retrieved @ProfileValueSourceConfiguration [null] for test class [cz.orbit.cicddemo.BgDemoUnitTest]
20:33:56.338 [Test worker] DEBUG org.springframework.test.annotation.ProfileValueUtils - Retrieved ProfileValueSource type [class org.springframework.test.annotation.SystemProfileValueSource] for class [cz.orbit.cicddemo.BgDemoUnitTest]
20:33:56.344 [Test worker] DEBUG org.springframework.test.context.support.AbstractDirtiesContextTestExecutionListener - Before test class: context [DefaultTestContext@45c8d09f testClass = BgDemoUnitTest, testInstance = [null], testMethod = [null], testException = [null], mergedContextConfiguration = [WebMergedContextConfiguration@53812a9b testClass = BgDemoUnitTest, locations = '{}', classes = '{class cz.orbit.cicddemo.DemoApplication}', contextInitializerClasses = '[]', activeProfiles = '{}', propertySourceLocations = '{}', propertySourceProperties = '{org.springframework.boot.test.context.SpringBootTestContextBootstrapper=true}', contextCustomizers = set[org.springframework.boot.test.autoconfigure.properties.PropertyMappingContextCustomizer@e7e8512, org.springframework.boot.test.autoconfigure.web.servlet.WebDriverContextCustomizerFactory$Customizer@609db546, [ImportsContextCustomizer@14b030a0 key = [org.springframework.boot.test.autoconfigure.web.servlet.MockMvcAutoConfiguration, org.springframework.boot.test.autoconfigure.web.servlet.MockMvcSecurityAutoConfiguration, org.springframework.boot.test.autoconfigure.web.servlet.MockMvcWebClientAutoConfiguration, org.springframework.boot.test.autoconfigure.web.servlet.MockMvcWebDriverAutoConfiguration]], org.springframework.boot.test.context.filter.ExcludeFilterContextCustomizer@1e8b7643, org.springframework.boot.test.json.DuplicateJsonObjectContextCustomizerFactory$DuplicateJsonObjectContextCustomizer@73d983ea, org.springframework.boot.test.mock.mockito.MockitoContextCustomizer@0, org.springframework.boot.test.web.client.TestRestTemplateContextCustomizer@7e5c856f], resourceBasePath = 'src/main/webapp', contextLoader = 'org.springframework.boot.test.context.SpringBootContextLoader', parent = [null]], attributes = map['org.springframework.test.context.web.ServletTestExecutionListener.activateListener' -> true]], class annotated with @DirtiesContext [false] with mode [null].
20:33:56.345 [Test worker] DEBUG org.springframework.test.annotation.ProfileValueUtils - Retrieved @ProfileValueSourceConfiguration [null] for test class [cz.orbit.cicddemo.BgDemoUnitTest]
20:33:56.345 [Test worker] DEBUG org.springframework.test.annotation.ProfileValueUtils - Retrieved ProfileValueSource type [class org.springframework.test.annotation.SystemProfileValueSource] for class [cz.orbit.cicddemo.BgDemoUnitTest]
20:33:56.357 [Test worker] DEBUG org.springframework.test.context.support.TestPropertySourceUtils - Adding inlined properties to environment: {spring.jmx.enabled=false, org.springframework.boot.test.context.SpringBootTestContextBootstrapper=true, server.port=-1}

  .   ____          _            __ _ _
 /\\ / ___'_ __ _ _(_)_ __  __ _ \ \ \ \
( ( )\___ | '_ | '_| | '_ \/ _` | \ \ \ \
 \\/  ___)| |_)| | | | | || (_| |  ) ) ) )
  '  |____| .__|_| |_|_| |_\__, | / / / /
 =========|_|==============|___/=/_/_/_/
 :: Spring Boot ::        (v2.1.3.RELEASE)

2023-04-11 20:33:56.758  INFO 39790 --- [    Test worker] cz.orbit.cicddemo.BgDemoUnitTest         : Starting BgDemoUnitTest on developer-VirtualBox with PID 39790 (started by developer in /home/developer/orbit/aws-webinar-demo-gitops/java)
2023-04-11 20:33:56.764  INFO 39790 --- [    Test worker] cz.orbit.cicddemo.BgDemoUnitTest         : No active profile set, falling back to default profiles: default
2023-04-11 20:33:57.940  INFO 39790 --- [    Test worker] o.s.s.concurrent.ThreadPoolTaskExecutor  : Initializing ExecutorService 'applicationTaskExecutor'
2023-04-11 20:33:58.145  INFO 39790 --- [    Test worker] o.s.b.t.m.w.SpringBootMockServletContext : Initializing Spring TestDispatcherServlet ''
2023-04-11 20:33:58.146  INFO 39790 --- [    Test worker] o.s.t.web.servlet.TestDispatcherServlet  : Initializing Servlet ''
2023-04-11 20:33:58.155  INFO 39790 --- [    Test worker] o.s.t.web.servlet.TestDispatcherServlet  : Completed initialization in 9 ms
2023-04-11 20:33:58.184  INFO 39790 --- [    Test worker] cz.orbit.cicddemo.BgDemoUnitTest         : Started BgDemoUnitTest in 1.821 seconds (JVM running for 2.601)
2023-04-11 20:33:58.356  INFO 39790 --- [    Test worker] cz.orbit.cicddemo.DemoApplication        : Logging test: [Accept:"application/json"]
]]></system-out>
  <system-err><![CDATA[]]></system-err>
</testsuite>
