<?xml version="1.0" encoding="UTF-8"?>
<testsuite name="cz.orbit.cicddemo.DemoApplicationTests" tests="1" skipped="0" failures="0" errors="0" timestamp="2023-04-11T18:33:59" hostname="developer-VirtualBox" time="0.002">
  <properties/>
  <testcase name="contextLoads" classname="cz.orbit.cicddemo.DemoApplicationTests" time="0.002"/>
  <system-out><![CDATA[2023-04-11 20:33:59.386  INFO 39790 --- [    Test worker] .b.t.c.SpringBootTestContextBootstrapper : Neither @ContextConfiguration nor @ContextHierarchy found for test class [cz.orbit.cicddemo.DemoApplicationTests], using SpringBootContextLoader
2023-04-11 20:33:59.387  INFO 39790 --- [    Test worker] o.s.t.c.support.AbstractContextLoader    : Could not detect default resource locations for test class [cz.orbit.cicddemo.DemoApplicationTests]: no resource found for suffixes {-context.xml, Context.groovy}.
2023-04-11 20:33:59.388  INFO 39790 --- [    Test worker] t.c.s.AnnotationConfigContextLoaderUtils : Could not detect default configuration classes for test class [cz.orbit.cicddemo.DemoApplicationTests]: DemoApplicationTests does not declare any static, non-private, non-final, nested classes annotated with @Configuration.
2023-04-11 20:33:59.390  INFO 39790 --- [    Test worker] .b.t.c.SpringBootTestContextBootstrapper : Found @SpringBootConfiguration cz.orbit.cicddemo.DemoApplication for test class cz.orbit.cicddemo.DemoApplicationTests
2023-04-11 20:33:59.391  INFO 39790 --- [    Test worker] .b.t.c.SpringBootTestContextBootstrapper : Loaded default TestExecutionListener class names from location [META-INF/spring.factories]: [org.springframework.boot.test.autoconfigure.restdocs.RestDocsTestExecutionListener, org.springframework.boot.test.autoconfigure.web.client.MockRestServiceServerResetTestExecutionListener, org.springframework.boot.test.autoconfigure.web.servlet.MockMvcPrintOnlyOnFailureTestExecutionListener, org.springframework.boot.test.autoconfigure.web.servlet.WebDriverTestExecutionListener, org.springframework.boot.test.mock.mockito.MockitoTestExecutionListener, org.springframework.boot.test.mock.mockito.ResetMocksTestExecutionListener, org.springframework.test.context.web.ServletTestExecutionListener, org.springframework.test.context.support.DirtiesContextBeforeModesTestExecutionListener, org.springframework.test.context.support.DependencyInjectionTestExecutionListener, org.springframework.test.context.support.DirtiesContextTestExecutionListener, org.springframework.test.context.transaction.TransactionalTestExecutionListener, org.springframework.test.context.jdbc.SqlScriptsTestExecutionListener]
2023-04-11 20:33:59.393  INFO 39790 --- [    Test worker] .b.t.c.SpringBootTestContextBootstrapper : Using TestExecutionListeners: [org.springframework.test.context.web.ServletTestExecutionListener@30cafd13, org.springframework.test.context.support.DirtiesContextBeforeModesTestExecutionListener@1d226f27, org.springframework.boot.test.mock.mockito.MockitoTestExecutionListener@1d944fc0, org.springframework.boot.test.autoconfigure.SpringBootDependencyInjectionTestExecutionListener@7c3c453b, org.springframework.test.context.support.DirtiesContextTestExecutionListener@1b791dca, org.springframework.boot.test.autoconfigure.restdocs.RestDocsTestExecutionListener@15ac02d5, org.springframework.boot.test.autoconfigure.web.client.MockRestServiceServerResetTestExecutionListener@2af9a5ef, org.springframework.boot.test.autoconfigure.web.servlet.MockMvcPrintOnlyOnFailureTestExecutionListener@34f23816, org.springframework.boot.test.autoconfigure.web.servlet.WebDriverTestExecutionListener@6736f40f, org.springframework.boot.test.mock.mockito.ResetMocksTestExecutionListener@12f9f896]

  .   ____          _            __ _ _
 /\\ / ___'_ __ _ _(_)_ __  __ _ \ \ \ \
( ( )\___ | '_ | '_| | '_ \/ _` | \ \ \ \
 \\/  ___)| |_)| | | | | || (_| |  ) ) ) )
  '  |____| .__|_| |_|_| |_\__, | / / / /
 =========|_|==============|___/=/_/_/_/
 :: Spring Boot ::        (v2.1.3.RELEASE)

2023-04-11 20:33:59.414  INFO 39790 --- [    Test worker] cz.orbit.cicddemo.DemoApplicationTests   : Starting DemoApplicationTests on developer-VirtualBox with PID 39790 (started by developer in /home/developer/orbit/aws-webinar-demo-gitops/java)
2023-04-11 20:33:59.415  INFO 39790 --- [    Test worker] cz.orbit.cicddemo.DemoApplicationTests   : No active profile set, falling back to default profiles: default
2023-04-11 20:33:59.638  INFO 39790 --- [    Test worker] o.s.s.concurrent.ThreadPoolTaskExecutor  : Initializing ExecutorService 'applicationTaskExecutor'
2023-04-11 20:33:59.686  INFO 39790 --- [    Test worker] cz.orbit.cicddemo.DemoApplicationTests   : Started DemoApplicationTests in 0.29 seconds (JVM running for 4.104)
]]></system-out>
  <system-err><![CDATA[]]></system-err>
</testsuite>
