<?xml version="1.0" encoding="UTF-8"?>
<testsuite name="cz.orbit.cicddemo.BgDemoIntegrationTest" tests="1" skipped="0" failures="0" errors="0" timestamp="2023-04-11T18:33:59" hostname="developer-VirtualBox" time="0.092">
  <properties/>
  <testcase name="getHello" classname="cz.orbit.cicddemo.BgDemoIntegrationTest" time="0.092"/>
  <system-out><![CDATA[2023-04-11 20:33:58.374  INFO 39790 --- [    Test worker] .b.t.c.SpringBootTestContextBootstrapper : Neither @ContextConfiguration nor @ContextHierarchy found for test class [cz.orbit.cicddemo.BgDemoIntegrationTest], using SpringBootContextLoader
2023-04-11 20:33:58.375  INFO 39790 --- [    Test worker] o.s.t.c.support.AbstractContextLoader    : Could not detect default resource locations for test class [cz.orbit.cicddemo.BgDemoIntegrationTest]: no resource found for suffixes {-context.xml, Context.groovy}.
2023-04-11 20:33:58.375  INFO 39790 --- [    Test worker] t.c.s.AnnotationConfigContextLoaderUtils : Could not detect default configuration classes for test class [cz.orbit.cicddemo.BgDemoIntegrationTest]: BgDemoIntegrationTest does not declare any static, non-private, non-final, nested classes annotated with @Configuration.
2023-04-11 20:33:58.376  INFO 39790 --- [    Test worker] .b.t.c.SpringBootTestContextBootstrapper : Found @SpringBootConfiguration cz.orbit.cicddemo.DemoApplication for test class cz.orbit.cicddemo.BgDemoIntegrationTest
2023-04-11 20:33:58.378  INFO 39790 --- [    Test worker] .b.t.c.SpringBootTestContextBootstrapper : Loaded default TestExecutionListener class names from location [META-INF/spring.factories]: [org.springframework.boot.test.autoconfigure.restdocs.RestDocsTestExecutionListener, org.springframework.boot.test.autoconfigure.web.client.MockRestServiceServerResetTestExecutionListener, org.springframework.boot.test.autoconfigure.web.servlet.MockMvcPrintOnlyOnFailureTestExecutionListener, org.springframework.boot.test.autoconfigure.web.servlet.WebDriverTestExecutionListener, org.springframework.boot.test.mock.mockito.MockitoTestExecutionListener, org.springframework.boot.test.mock.mockito.ResetMocksTestExecutionListener, org.springframework.test.context.web.ServletTestExecutionListener, org.springframework.test.context.support.DirtiesContextBeforeModesTestExecutionListener, org.springframework.test.context.support.DependencyInjectionTestExecutionListener, org.springframework.test.context.support.DirtiesContextTestExecutionListener, org.springframework.test.context.transaction.TransactionalTestExecutionListener, org.springframework.test.context.jdbc.SqlScriptsTestExecutionListener]
2023-04-11 20:33:58.378  INFO 39790 --- [    Test worker] .b.t.c.SpringBootTestContextBootstrapper : Using TestExecutionListeners: [org.springframework.test.context.web.ServletTestExecutionListener@2b877a54, org.springframework.test.context.support.DirtiesContextBeforeModesTestExecutionListener@268c030f, org.springframework.boot.test.mock.mockito.MockitoTestExecutionListener@4b87760e, org.springframework.boot.test.autoconfigure.SpringBootDependencyInjectionTestExecutionListener@be164d8, org.springframework.test.context.support.DirtiesContextTestExecutionListener@1b24ea2a, org.springframework.boot.test.autoconfigure.restdocs.RestDocsTestExecutionListener@5df6163a, org.springframework.boot.test.autoconfigure.web.client.MockRestServiceServerResetTestExecutionListener@2d313c8c, org.springframework.boot.test.autoconfigure.web.servlet.MockMvcPrintOnlyOnFailureTestExecutionListener@2df65a56, org.springframework.boot.test.autoconfigure.web.servlet.WebDriverTestExecutionListener@113f9078, org.springframework.boot.test.mock.mockito.ResetMocksTestExecutionListener@7c1503a3]

  .   ____          _            __ _ _
 /\\ / ___'_ __ _ _(_)_ __  __ _ \ \ \ \
( ( )\___ | '_ | '_| | '_ \/ _` | \ \ \ \
 \\/  ___)| |_)| | | | | || (_| |  ) ) ) )
  '  |____| .__|_| |_|_| |_\__, | / / / /
 =========|_|==============|___/=/_/_/_/
 :: Spring Boot ::        (v2.1.3.RELEASE)

2023-04-11 20:33:58.392  INFO 39790 --- [    Test worker] cz.orbit.cicddemo.BgDemoIntegrationTest  : Starting BgDemoIntegrationTest on developer-VirtualBox with PID 39790 (started by developer in /home/developer/orbit/aws-webinar-demo-gitops/java)
2023-04-11 20:33:58.393  INFO 39790 --- [    Test worker] cz.orbit.cicddemo.BgDemoIntegrationTest  : No active profile set, falling back to default profiles: default
2023-04-11 20:33:58.750  INFO 39790 --- [    Test worker] o.s.b.w.embedded.tomcat.TomcatWebServer  : Tomcat initialized with port(s): 0 (http)
2023-04-11 20:33:58.781  INFO 39790 --- [    Test worker] o.apache.catalina.core.StandardService   : Starting service [Tomcat]
2023-04-11 20:33:58.781  INFO 39790 --- [    Test worker] org.apache.catalina.core.StandardEngine  : Starting Servlet engine: [Apache Tomcat/9.0.16]
2023-04-11 20:33:58.792  INFO 39790 --- [    Test worker] o.a.catalina.core.AprLifecycleListener   : The APR based Apache Tomcat Native library which allows optimal performance in production environments was not found on the java.library.path: [/usr/java/packages/lib:/usr/lib64:/lib64:/lib:/usr/lib]
2023-04-11 20:33:58.865  INFO 39790 --- [    Test worker] o.a.c.c.C.[Tomcat].[localhost].[/]       : Initializing Spring embedded WebApplicationContext
2023-04-11 20:33:58.866  INFO 39790 --- [    Test worker] o.s.web.context.ContextLoader            : Root WebApplicationContext: initialization completed in 472 ms
2023-04-11 20:33:59.152  INFO 39790 --- [    Test worker] o.s.s.concurrent.ThreadPoolTaskExecutor  : Initializing ExecutorService 'applicationTaskExecutor'
2023-04-11 20:33:59.287  INFO 39790 --- [    Test worker] o.s.b.w.embedded.tomcat.TomcatWebServer  : Tomcat started on port(s): 40969 (http) with context path ''
2023-04-11 20:33:59.288  INFO 39790 --- [    Test worker] cz.orbit.cicddemo.BgDemoIntegrationTest  : Started BgDemoIntegrationTest in 0.908 seconds (JVM running for 3.706)
2023-04-11 20:33:59.352  INFO 39790 --- [o-auto-1-exec-1] o.a.c.c.C.[Tomcat].[localhost].[/]       : Initializing Spring DispatcherServlet 'dispatcherServlet'
2023-04-11 20:33:59.354  INFO 39790 --- [o-auto-1-exec-1] o.s.web.servlet.DispatcherServlet        : Initializing Servlet 'dispatcherServlet'
2023-04-11 20:33:59.361  INFO 39790 --- [o-auto-1-exec-1] o.s.web.servlet.DispatcherServlet        : Completed initialization in 7 ms
2023-04-11 20:33:59.369  INFO 39790 --- [o-auto-1-exec-1] cz.orbit.cicddemo.DemoApplication        : Logging test: [accept:"text/plain, application/json, application/*+json, */*", user-agent:"Java/11", host:"localhost:40969", connection:"keep-alive"]
]]></system-out>
  <system-err><![CDATA[]]></system-err>
</testsuite>
